INFO 2023-10-05 08:35:19,807 autoreload 11460 8508 Watching for file changes with StatReloader
INFO 2023-10-05 08:35:37,124 autoreload 5624 10204 Watching for file changes with StatReloader
INFO 2023-10-05 08:36:04,031 autoreload 5624 10204 C:\Users\Koha\Desktop\Учеба GB\FreeTheDjango\lessonsofdjango\lection5app\urls.py changed, reloading.
INFO 2023-10-05 08:36:04,590 autoreload 1484 4740 Watching for file changes with StatReloader
INFO 2023-10-05 08:36:07,796 autoreload 14468 11716 Watching for file changes with StatReloader
INFO 2023-10-05 08:36:31,723 autoreload 14468 11716 C:\Users\Koha\Desktop\Учеба GB\FreeTheDjango\lessonsofdjango\lection5app\urls.py changed, reloading.
INFO 2023-10-05 08:36:32,309 autoreload 2352 3932 Watching for file changes with StatReloader
INFO 2023-10-05 08:37:03,271 autoreload 2352 3932 C:\Users\Koha\Desktop\Учеба GB\FreeTheDjango\lessonsofdjango\lection5app\urls.py changed, reloading.
INFO 2023-10-05 08:37:03,848 autoreload 3184 4640 Watching for file changes with StatReloader
INFO 2023-10-05 08:37:06,684 basehttp 3184 8284 "GET / HTTP/1.1" 200 194
WARNING 2023-10-05 08:37:06,943 log 3184 8284 Not Found: /favicon.ico
WARNING 2023-10-05 08:37:06,943 basehttp 3184 8284 "GET /favicon.ico HTTP/1.1" 404 2554
INFO 2023-10-05 08:37:17,502 basehttp 3184 8284 "GET /admin HTTP/1.1" 301 0
INFO 2023-10-05 08:37:17,519 basehttp 3184 6364 "GET /admin/ HTTP/1.1" 302 0
INFO 2023-10-05 08:37:17,641 basehttp 3184 6364 "GET /admin/login/?next=/admin/ HTTP/1.1" 200 4181
INFO 2023-10-05 08:37:17,845 basehttp 3184 6364 "GET /static/admin/css/base.css HTTP/1.1" 200 21207
INFO 2023-10-05 08:37:17,853 basehttp 3184 2592 "GET /static/admin/css/dark_mode.css HTTP/1.1" 200 2929
INFO 2023-10-05 08:37:17,858 basehttp 3184 7964 "GET /static/admin/css/responsive.css HTTP/1.1" 200 18533
INFO 2023-10-05 08:37:17,862 basehttp 3184 15300 "GET /static/admin/css/login.css HTTP/1.1" 200 958
INFO 2023-10-05 08:37:17,863 basehttp 3184 2356 "GET /static/admin/css/nav_sidebar.css HTTP/1.1" 200 2694
INFO 2023-10-05 08:37:17,869 basehttp 3184 11912 "GET /static/admin/js/theme.js HTTP/1.1" 200 1943
INFO 2023-10-05 08:37:17,869 basehttp 3184 6364 "GET /static/admin/js/nav_sidebar.js HTTP/1.1" 200 3063
INFO 2023-10-05 08:37:35,063 basehttp 3184 6364 "POST /admin/login/?next=/admin/ HTTP/1.1" 200 4342
INFO 2023-10-05 08:38:31,780 autoreload 3184 4640 C:\Users\Koha\Desktop\Учеба GB\FreeTheDjango\lessonsofdjango\lessonsofdjango\settings.py changed, reloading.
INFO 2023-10-05 08:38:32,491 autoreload 5648 12268 Watching for file changes with StatReloader
INFO 2023-10-05 08:38:48,113 basehttp 5648 4824 "POST /admin/login/?next=/admin/ HTTP/1.1" 200 4534
INFO 2023-10-05 08:43:37,638 autoreload 2496 9308 Watching for file changes with StatReloader
ERROR 2023-10-05 08:43:52,017 log 2496 10884 Internal Server Error: /admin/login/
Traceback (most recent call last):
  File "C:\Users\Koha\Desktop\Учеба GB\FreeTheDjango\venv\Lib\site-packages\django\db\backends\base\base.py", line 313, in _commit
    return self.connection.commit()
           ^^^^^^^^^^^^^^^^^^^^^^^^
sqlite3.OperationalError: database is locked

The above exception was the direct cause of the following exception:

Traceback (most recent call last):
  File "C:\Users\Koha\Desktop\Учеба GB\FreeTheDjango\venv\Lib\site-packages\django\core\handlers\exception.py", line 55, in inner
    response = get_response(request)
               ^^^^^^^^^^^^^^^^^^^^^
  File "C:\Users\Koha\Desktop\Учеба GB\FreeTheDjango\venv\Lib\site-packages\django\core\handlers\base.py", line 197, in _get_response
    response = wrapped_callback(request, *callback_args, **callback_kwargs)
               ^^^^^^^^^^^^^^^^^^^^^^^^^^^^^^^^^^^^^^^^^^^^^^^^^^^^^^^^^^^^
  File "C:\Users\Koha\Desktop\Учеба GB\FreeTheDjango\venv\Lib\site-packages\django\utils\decorators.py", line 46, in _wrapper
    return bound_method(*args, **kwargs)
           ^^^^^^^^^^^^^^^^^^^^^^^^^^^^^
  File "C:\Users\Koha\Desktop\Учеба GB\FreeTheDjango\venv\Lib\site-packages\django\views\decorators\cache.py", line 62, in _wrapper_view_func
    response = view_func(request, *args, **kwargs)
               ^^^^^^^^^^^^^^^^^^^^^^^^^^^^^^^^^^^
  File "C:\Users\Koha\Desktop\Учеба GB\FreeTheDjango\venv\Lib\site-packages\django\contrib\admin\sites.py", line 441, in login
    return LoginView.as_view(**defaults)(request)
           ^^^^^^^^^^^^^^^^^^^^^^^^^^^^^^^^^^^^^^
  File "C:\Users\Koha\Desktop\Учеба GB\FreeTheDjango\venv\Lib\site-packages\django\views\generic\base.py", line 104, in view
    return self.dispatch(request, *args, **kwargs)
           ^^^^^^^^^^^^^^^^^^^^^^^^^^^^^^^^^^^^^^^
  File "C:\Users\Koha\Desktop\Учеба GB\FreeTheDjango\venv\Lib\site-packages\django\utils\decorators.py", line 46, in _wrapper
    return bound_method(*args, **kwargs)
           ^^^^^^^^^^^^^^^^^^^^^^^^^^^^^
  File "C:\Users\Koha\Desktop\Учеба GB\FreeTheDjango\venv\Lib\site-packages\django\views\decorators\debug.py", line 92, in sensitive_post_parameters_wrapper
    return view(request, *args, **kwargs)
           ^^^^^^^^^^^^^^^^^^^^^^^^^^^^^^
  File "C:\Users\Koha\Desktop\Учеба GB\FreeTheDjango\venv\Lib\site-packages\django\utils\decorators.py", line 46, in _wrapper
    return bound_method(*args, **kwargs)
           ^^^^^^^^^^^^^^^^^^^^^^^^^^^^^
  File "C:\Users\Koha\Desktop\Учеба GB\FreeTheDjango\venv\Lib\site-packages\django\utils\decorators.py", line 134, in _wrapper_view
    response = view_func(request, *args, **kwargs)
               ^^^^^^^^^^^^^^^^^^^^^^^^^^^^^^^^^^^
  File "C:\Users\Koha\Desktop\Учеба GB\FreeTheDjango\venv\Lib\site-packages\django\utils\decorators.py", line 46, in _wrapper
    return bound_method(*args, **kwargs)
           ^^^^^^^^^^^^^^^^^^^^^^^^^^^^^
  File "C:\Users\Koha\Desktop\Учеба GB\FreeTheDjango\venv\Lib\site-packages\django\views\decorators\cache.py", line 62, in _wrapper_view_func
    response = view_func(request, *args, **kwargs)
               ^^^^^^^^^^^^^^^^^^^^^^^^^^^^^^^^^^^
  File "C:\Users\Koha\Desktop\Учеба GB\FreeTheDjango\venv\Lib\site-packages\django\contrib\auth\views.py", line 90, in dispatch
    return super().dispatch(request, *args, **kwargs)
           ^^^^^^^^^^^^^^^^^^^^^^^^^^^^^^^^^^^^^^^^^^
  File "C:\Users\Koha\Desktop\Учеба GB\FreeTheDjango\venv\Lib\site-packages\django\views\generic\base.py", line 143, in dispatch
    return handler(request, *args, **kwargs)
           ^^^^^^^^^^^^^^^^^^^^^^^^^^^^^^^^^
  File "C:\Users\Koha\Desktop\Учеба GB\FreeTheDjango\venv\Lib\site-packages\django\views\generic\edit.py", line 153, in post
    return self.form_valid(form)
           ^^^^^^^^^^^^^^^^^^^^^
  File "C:\Users\Koha\Desktop\Учеба GB\FreeTheDjango\venv\Lib\site-packages\django\contrib\auth\views.py", line 109, in form_valid
    auth_login(self.request, form.get_user())
  File "C:\Users\Koha\Desktop\Учеба GB\FreeTheDjango\venv\Lib\site-packages\django\contrib\auth\__init__.py", line 118, in login
    request.session.cycle_key()
  File "C:\Users\Koha\Desktop\Учеба GB\FreeTheDjango\venv\Lib\site-packages\django\contrib\sessions\backends\base.py", line 304, in cycle_key
    self.create()
  File "C:\Users\Koha\Desktop\Учеба GB\FreeTheDjango\venv\Lib\site-packages\django\contrib\sessions\backends\db.py", line 54, in create
    self.save(must_create=True)
  File "C:\Users\Koha\Desktop\Учеба GB\FreeTheDjango\venv\Lib\site-packages\django\contrib\sessions\backends\db.py", line 85, in save
    with transaction.atomic(using=using):
  File "C:\Users\Koha\Desktop\Учеба GB\FreeTheDjango\venv\Lib\site-packages\django\db\transaction.py", line 263, in __exit__
    connection.commit()
  File "C:\Users\Koha\Desktop\Учеба GB\FreeTheDjango\venv\Lib\site-packages\django\utils\asyncio.py", line 26, in inner
    return func(*args, **kwargs)
           ^^^^^^^^^^^^^^^^^^^^^
  File "C:\Users\Koha\Desktop\Учеба GB\FreeTheDjango\venv\Lib\site-packages\django\db\backends\base\base.py", line 337, in commit
    self._commit()
  File "C:\Users\Koha\Desktop\Учеба GB\FreeTheDjango\venv\Lib\site-packages\django\db\backends\base\base.py", line 312, in _commit
    with debug_transaction(self, "COMMIT"), self.wrap_database_errors:
  File "C:\Users\Koha\Desktop\Учеба GB\FreeTheDjango\venv\Lib\site-packages\django\db\utils.py", line 91, in __exit__
    raise dj_exc_value.with_traceback(traceback) from exc_value
  File "C:\Users\Koha\Desktop\Учеба GB\FreeTheDjango\venv\Lib\site-packages\django\db\backends\base\base.py", line 313, in _commit
    return self.connection.commit()
           ^^^^^^^^^^^^^^^^^^^^^^^^
django.db.utils.OperationalError: database is locked
ERROR 2023-10-05 08:43:52,026 basehttp 2496 10884 "POST /admin/login/?next=/admin/ HTTP/1.1" 500 178980
INFO 2023-10-05 08:44:05,572 basehttp 2496 10884 "GET /admin/ HTTP/1.1" 302 0
INFO 2023-10-05 08:44:05,594 basehttp 2496 10884 "GET /admin/login/?next=/admin/ HTTP/1.1" 200 4267
INFO 2023-10-05 08:44:10,732 basehttp 2496 10884 "POST /admin/login/?next=/admin/ HTTP/1.1" 302 0
INFO 2023-10-05 08:44:10,760 basehttp 2496 10884 "GET /admin/ HTTP/1.1" 200 5852
INFO 2023-10-05 08:44:10,837 basehttp 2496 10884 "GET /static/admin/css/dashboard.css HTTP/1.1" 200 441
INFO 2023-10-05 08:44:10,849 basehttp 2496 3024 "GET /static/admin/img/icon-changelink.svg HTTP/1.1" 200 380
INFO 2023-10-05 08:44:10,851 basehttp 2496 10884 "GET /static/admin/img/icon-addlink.svg HTTP/1.1" 200 331
INFO 2023-10-05 08:44:19,930 basehttp 2496 10884 "GET / HTTP/1.1" 200 194
INFO 2023-10-05 08:46:03,443 basehttp 2496 10884 "GET /admin/auth/group/ HTTP/1.1" 200 7641
INFO 2023-10-05 08:46:03,470 basehttp 2496 10884 "GET /static/admin/css/changelists.css HTTP/1.1" 200 6566
INFO 2023-10-05 08:46:03,478 basehttp 2496 3024 "GET /admin/jsi18n/ HTTP/1.1" 200 16066
INFO 2023-10-05 08:46:03,482 basehttp 2496 15340 "GET /static/admin/js/jquery.init.js HTTP/1.1" 200 347
INFO 2023-10-05 08:46:03,484 basehttp 2496 2412 "GET /static/admin/js/core.js HTTP/1.1" 200 5682
INFO 2023-10-05 08:46:03,485 basehttp 2496 6376 "GET /static/admin/js/admin/RelatedObjectLookups.js HTTP/1.1" 200 8943
INFO 2023-10-05 08:46:03,490 basehttp 2496 10884 "GET /static/admin/js/actions.js HTTP/1.1" 200 7872
INFO 2023-10-05 08:46:03,497 basehttp 2496 3024 "GET /static/admin/js/urlify.js HTTP/1.1" 200 7887
INFO 2023-10-05 08:46:03,499 basehttp 2496 15340 "GET /static/admin/js/prepopulate.js HTTP/1.1" 200 1531
INFO 2023-10-05 08:46:03,540 basehttp 2496 2412 "GET /static/admin/js/vendor/xregexp/xregexp.js HTTP/1.1" 200 232381
INFO 2023-10-05 08:46:03,558 basehttp 2496 2412 "GET /static/admin/js/filters.js HTTP/1.1" 200 978
INFO 2023-10-05 08:46:03,563 basehttp 2496 2184 "GET /static/admin/js/vendor/jquery/jquery.js HTTP/1.1" 200 292458
INFO 2023-10-05 08:46:03,582 basehttp 2496 2412 "GET /static/admin/img/search.svg HTTP/1.1" 200 458
INFO 2023-10-05 08:46:03,606 basehttp 2496 2412 "GET /static/admin/img/tooltag-add.svg HTTP/1.1" 200 331
INFO 2023-10-05 08:46:04,814 basehttp 2496 2412 "GET /admin/auth/user/ HTTP/1.1" 200 11305
INFO 2023-10-05 08:46:04,835 basehttp 2496 2412 "GET /admin/jsi18n/ HTTP/1.1" 200 16066
INFO 2023-10-05 08:46:04,853 basehttp 2496 2412 "GET /static/admin/img/icon-yes.svg HTTP/1.1" 200 436
INFO 2023-10-05 08:46:04,875 basehttp 2496 2412 "GET /static/admin/img/sorting-icons.svg HTTP/1.1" 200 1097
INFO 2023-10-05 08:46:07,820 basehttp 2496 2412 "GET /admin/auth/user/1/change/ HTTP/1.1" 200 23603
INFO 2023-10-05 08:46:07,851 basehttp 2496 6376 "GET /admin/jsi18n/ HTTP/1.1" 200 16066
INFO 2023-10-05 08:46:07,855 basehttp 2496 2412 "GET /static/admin/css/forms.css HTTP/1.1" 200 9047
INFO 2023-10-05 08:46:07,856 basehttp 2496 3024 "GET /static/admin/js/SelectBox.js HTTP/1.1" 200 4530
INFO 2023-10-05 08:46:07,856 basehttp 2496 15340 "GET /static/admin/js/admin/DateTimeShortcuts.js HTTP/1.1" 200 19319
INFO 2023-10-05 08:46:07,860 basehttp 2496 10884 "GET /static/admin/js/SelectFilter2.js HTTP/1.1" 200 15292
INFO 2023-10-05 08:46:07,862 basehttp 2496 2184 "GET /static/admin/js/calendar.js HTTP/1.1" 200 8466
INFO 2023-10-05 08:46:07,871 basehttp 2496 15340 "GET /static/admin/css/widgets.css HTTP/1.1" 200 11900
INFO 2023-10-05 08:46:07,881 basehttp 2496 2184 "GET /static/admin/js/prepopulate_init.js HTTP/1.1" 200 586
INFO 2023-10-05 08:46:07,889 basehttp 2496 15340 "GET /static/admin/js/change_form.js HTTP/1.1" 200 606
INFO 2023-10-05 08:46:07,936 basehttp 2496 10884 "GET /static/admin/img/icon-unknown-alt.svg HTTP/1.1" 200 655
INFO 2023-10-05 08:46:07,936 basehttp 2496 3024 "GET /static/admin/img/icon-calendar.svg HTTP/1.1" 200 1086
INFO 2023-10-05 08:46:07,937 basehttp 2496 15340 "GET /static/admin/img/icon-unknown.svg HTTP/1.1" 200 655
INFO 2023-10-05 08:46:07,937 basehttp 2496 2412 "GET /static/admin/img/icon-clock.svg HTTP/1.1" 200 677
INFO 2023-10-05 08:46:07,937 basehttp 2496 2184 "GET /static/admin/img/selector-icons.svg HTTP/1.1" 200 3291
INFO 2023-10-05 08:46:58,130 basehttp 2496 2184 "GET /admin/auth/user/add/ HTTP/1.1" 200 10988
INFO 2023-10-05 08:46:58,169 basehttp 2496 2184 "GET /admin/jsi18n/ HTTP/1.1" 200 16066
INFO 2023-10-05 08:47:38,294 basehttp 2496 2184 "POST /admin/auth/user/add/ HTTP/1.1" 200 11443
INFO 2023-10-05 08:47:38,314 basehttp 2496 2184 "GET /admin/jsi18n/ HTTP/1.1" 200 16066
INFO 2023-10-05 08:47:59,027 basehttp 2496 2184 "POST /admin/auth/user/add/ HTTP/1.1" 302 0
INFO 2023-10-05 08:47:59,060 basehttp 2496 2184 "GET /admin/auth/user/2/change/ HTTP/1.1" 200 23821
INFO 2023-10-05 08:47:59,091 basehttp 2496 2184 "GET /admin/jsi18n/ HTTP/1.1" 200 16066
INFO 2023-10-05 08:49:30,282 basehttp 2496 2184 "POST /admin/auth/user/2/change/ HTTP/1.1" 302 0
INFO 2023-10-05 08:49:30,299 basehttp 2496 2184 "GET /admin/auth/user/ HTTP/1.1" 200 11919
INFO 2023-10-05 08:49:30,324 basehttp 2496 2184 "GET /admin/jsi18n/ HTTP/1.1" 200 16066
INFO 2023-10-05 08:49:35,782 basehttp 2496 2184 "GET /admin/auth/group/ HTTP/1.1" 200 7641
INFO 2023-10-05 08:49:35,803 basehttp 2496 2184 "GET /admin/jsi18n/ HTTP/1.1" 200 16066
INFO 2023-10-05 08:49:37,803 basehttp 2496 2184 "GET /admin/auth/group/add/ HTTP/1.1" 200 13215
INFO 2023-10-05 08:49:37,822 basehttp 2496 2184 "GET /admin/jsi18n/ HTTP/1.1" 200 16066
INFO 2023-10-05 08:50:13,832 basehttp 2496 2184 "POST /admin/auth/group/add/ HTTP/1.1" 302 0
INFO 2023-10-05 08:50:13,849 basehttp 2496 2184 "GET /admin/auth/group/ HTTP/1.1" 200 9114
INFO 2023-10-05 08:50:13,875 basehttp 2496 2184 "GET /admin/jsi18n/ HTTP/1.1" 200 16066
INFO 2023-10-05 08:50:16,302 basehttp 2496 2184 "GET /admin/auth/user/ HTTP/1.1" 200 12005
INFO 2023-10-05 08:50:16,321 basehttp 2496 2184 "GET /admin/jsi18n/ HTTP/1.1" 200 16066
INFO 2023-10-05 08:50:17,336 basehttp 2496 2184 "GET /admin/auth/user/2/change/ HTTP/1.1" 200 23604
INFO 2023-10-05 08:50:17,357 basehttp 2496 2184 "GET /admin/jsi18n/ HTTP/1.1" 200 16066
INFO 2023-10-05 08:50:27,056 basehttp 2496 2184 "POST /admin/auth/user/2/change/ HTTP/1.1" 302 0
INFO 2023-10-05 08:50:27,073 basehttp 2496 2184 "GET /admin/auth/user/ HTTP/1.1" 200 12225
INFO 2023-10-05 08:50:27,097 basehttp 2496 2184 "GET /admin/jsi18n/ HTTP/1.1" 200 16066
INFO 2023-10-05 08:50:35,821 basehttp 2496 2184 "POST /admin/logout/ HTTP/1.1" 200 3709
INFO 2023-10-05 08:50:37,714 basehttp 2496 2184 "GET /admin/ HTTP/1.1" 302 0
INFO 2023-10-05 08:50:37,723 basehttp 2496 2184 "GET /admin/login/?next=/admin/ HTTP/1.1" 200 4267
INFO 2023-10-05 08:50:45,959 basehttp 2496 2184 "POST /admin/login/?next=/admin/ HTTP/1.1" 302 0
INFO 2023-10-05 08:50:45,971 basehttp 2496 2184 "GET /admin/ HTTP/1.1" 200 4805
INFO 2023-10-05 08:52:42,639 autoreload 2496 9308 C:\Users\Koha\Desktop\Учеба GB\FreeTheDjango\lessonsofdjango\lection5app\models.py changed, reloading.
INFO 2023-10-05 08:52:43,283 autoreload 14884 6744 Watching for file changes with StatReloader
INFO 2023-10-05 08:53:04,327 autoreload 14884 6744 C:\Users\Koha\Desktop\Учеба GB\FreeTheDjango\lessonsofdjango\lection5app\models.py changed, reloading.
INFO 2023-10-05 08:53:04,927 autoreload 5540 3776 Watching for file changes with StatReloader
INFO 2023-10-05 08:53:10,503 autoreload 5540 3776 C:\Users\Koha\Desktop\Учеба GB\FreeTheDjango\lessonsofdjango\lection5app\models.py changed, reloading.
INFO 2023-10-05 08:53:11,080 autoreload 6780 8032 Watching for file changes with StatReloader
INFO 2023-10-05 08:55:46,871 autoreload 6272 8596 Watching for file changes with StatReloader
INFO 2023-10-05 08:55:52,896 basehttp 6272 2752 "GET / HTTP/1.1" 200 194
INFO 2023-10-05 08:55:58,301 basehttp 6272 2752 "GET /admin/ HTTP/1.1" 200 4805
INFO 2023-10-05 08:56:05,877 basehttp 6272 2752 "POST /admin/logout/ HTTP/1.1" 200 3709
INFO 2023-10-05 08:56:07,641 basehttp 6272 2752 "GET /admin/ HTTP/1.1" 302 0
INFO 2023-10-05 08:56:07,656 basehttp 6272 2752 "GET /admin/login/?next=/admin/ HTTP/1.1" 200 4267
INFO 2023-10-05 08:56:13,885 basehttp 6272 2752 "POST /admin/login/?next=/admin/ HTTP/1.1" 302 0
INFO 2023-10-05 08:56:13,900 basehttp 6272 2752 "GET /admin/ HTTP/1.1" 200 8254
INFO 2023-10-05 08:57:47,111 autoreload 6272 8596 C:\Users\Koha\Desktop\Учеба GB\FreeTheDjango\lessonsofdjango\lection3app\admin.py changed, reloading.
INFO 2023-10-05 08:57:47,847 autoreload 1388 5576 Watching for file changes with StatReloader
INFO 2023-10-05 08:57:58,230 basehttp 1388 6332 "GET /admin/ HTTP/1.1" 200 9419
INFO 2023-10-05 08:58:37,398 basehttp 1388 6332 "POST /admin/logout/ HTTP/1.1" 200 3709
INFO 2023-10-05 08:58:38,857 basehttp 1388 6332 "GET /admin/ HTTP/1.1" 302 0
INFO 2023-10-05 08:58:38,876 basehttp 1388 6332 "GET /admin/login/?next=/admin/ HTTP/1.1" 200 4267
INFO 2023-10-05 08:58:41,920 basehttp 1388 6332 "POST /admin/login/?next=/admin/ HTTP/1.1" 302 0
INFO 2023-10-05 08:58:41,935 basehttp 1388 6332 "GET /admin/ HTTP/1.1" 200 5379
INFO 2023-10-05 08:58:49,661 basehttp 1388 6332 "GET /admin/lection3app/post/ HTTP/1.1" 200 65462
INFO 2023-10-05 08:59:03,038 basehttp 1388 6332 "GET /admin/lection3app/post/300/change/ HTTP/1.1" 200 11453
INFO 2023-10-05 08:59:03,062 basehttp 1388 6332 "GET /admin/jsi18n/ HTTP/1.1" 200 16066
INFO 2023-10-05 08:59:21,897 basehttp 1388 6332 "POST /admin/lection3app/post/300/change/ HTTP/1.1" 302 0
INFO 2023-10-05 08:59:21,981 basehttp 1388 6332 "GET /admin/lection3app/post/ HTTP/1.1" 200 66129
INFO 2023-10-05 08:59:26,910 basehttp 1388 6332 "POST /admin/logout/ HTTP/1.1" 200 3709
INFO 2023-10-05 08:59:28,606 basehttp 1388 6332 "GET /admin/ HTTP/1.1" 302 0
INFO 2023-10-05 08:59:28,614 basehttp 1388 6332 "GET /admin/login/?next=/admin/ HTTP/1.1" 200 4267
INFO 2023-10-05 08:59:31,268 basehttp 1388 6332 "POST /admin/login/?next=/admin/ HTTP/1.1" 302 0
INFO 2023-10-05 08:59:31,282 basehttp 1388 6332 "GET /admin/ HTTP/1.1" 200 9419
INFO 2023-10-05 08:59:35,557 basehttp 1388 6332 "GET /admin/lection3app/post/ HTTP/1.1" 200 79832
INFO 2023-10-05 08:59:35,585 basehttp 1388 6332 "GET /admin/jsi18n/ HTTP/1.1" 200 16066
INFO 2023-10-05 08:59:37,178 basehttp 1388 6332 "GET /admin/lection3app/post/300/change/ HTTP/1.1" 200 14698
INFO 2023-10-05 08:59:37,211 basehttp 1388 6332 "GET /admin/jsi18n/ HTTP/1.1" 200 16066
INFO 2023-10-05 08:59:37,275 basehttp 1388 6332 "GET /static/admin/img/icon-viewlink.svg HTTP/1.1" 200 581
INFO 2023-10-05 08:59:47,200 basehttp 1388 6332 "GET /admin/lection5app/category/ HTTP/1.1" 200 9080
INFO 2023-10-05 08:59:47,223 basehttp 1388 6332 "GET /admin/jsi18n/ HTTP/1.1" 200 16066
INFO 2023-10-05 08:59:49,353 basehttp 1388 6332 "GET /admin/lection5app/category/add/ HTTP/1.1" 200 9921
INFO 2023-10-05 08:59:49,374 basehttp 1388 6332 "GET /admin/jsi18n/ HTTP/1.1" 200 16066
INFO 2023-10-05 08:59:56,214 basehttp 1388 6332 "POST /admin/lection5app/category/add/ HTTP/1.1" 302 0
INFO 2023-10-05 08:59:56,229 basehttp 1388 6332 "GET /admin/lection5app/category/add/ HTTP/1.1" 200 10218
INFO 2023-10-05 08:59:56,252 basehttp 1388 6332 "GET /admin/jsi18n/ HTTP/1.1" 200 16066
INFO 2023-10-05 09:00:02,485 basehttp 1388 6332 "POST /admin/lection5app/category/add/ HTTP/1.1" 302 0
INFO 2023-10-05 09:00:02,501 basehttp 1388 6332 "GET /admin/lection5app/category/ HTTP/1.1" 200 10779
INFO 2023-10-05 09:00:02,525 basehttp 1388 6332 "GET /admin/jsi18n/ HTTP/1.1" 200 16066
INFO 2023-10-05 09:00:05,576 basehttp 1388 6332 "GET /admin/lection5app/product/ HTTP/1.1" 200 9073
INFO 2023-10-05 09:00:05,600 basehttp 1388 6332 "GET /admin/jsi18n/ HTTP/1.1" 200 16066
INFO 2023-10-05 09:00:06,688 basehttp 1388 6332 "GET /admin/lection5app/product/add/ HTTP/1.1" 200 11792
INFO 2023-10-05 09:00:06,711 basehttp 1388 6332 "GET /admin/jsi18n/ HTTP/1.1" 200 16066
INFO 2023-10-05 09:00:20,033 basehttp 1388 6332 "POST /admin/lection5app/product/add/ HTTP/1.1" 302 0
INFO 2023-10-05 09:00:20,049 basehttp 1388 6332 "GET /admin/lection5app/product/add/ HTTP/1.1" 200 12078
INFO 2023-10-05 09:00:20,071 basehttp 1388 6332 "GET /admin/jsi18n/ HTTP/1.1" 200 16066
INFO 2023-10-05 09:00:26,172 basehttp 1388 6332 "POST /admin/lection5app/product/add/ HTTP/1.1" 302 0
INFO 2023-10-05 09:00:26,189 basehttp 1388 6332 "GET /admin/lection5app/product/add/ HTTP/1.1" 200 12084
INFO 2023-10-05 09:00:26,210 basehttp 1388 6332 "GET /admin/jsi18n/ HTTP/1.1" 200 16066
INFO 2023-10-05 09:00:37,378 basehttp 1388 6332 "GET /admin/lection5app/category/add/?_to_field=id&_popup=1 HTTP/1.1" 200 4483
INFO 2023-10-05 09:00:37,418 basehttp 1388 6332 "GET /admin/jsi18n/ HTTP/1.1" 200 16066
INFO 2023-10-05 09:00:53,759 basehttp 1388 6332 "POST /admin/lection5app/category/add/?_to_field=id&_popup=1 HTTP/1.1" 200 403
INFO 2023-10-05 09:00:53,794 basehttp 1388 6332 "GET /static/admin/js/popup_response.js HTTP/1.1" 200 551
INFO 2023-10-05 09:01:01,967 basehttp 1388 6332 "POST /admin/lection5app/product/add/ HTTP/1.1" 302 0
INFO 2023-10-05 09:01:01,982 basehttp 1388 6332 "GET /admin/lection5app/product/add/ HTTP/1.1" 200 12125
INFO 2023-10-05 09:01:02,003 basehttp 1388 6332 "GET /admin/jsi18n/ HTTP/1.1" 200 16066
INFO 2023-10-05 09:01:10,741 basehttp 1388 6332 "POST /admin/lection5app/product/add/ HTTP/1.1" 302 0
INFO 2023-10-05 09:01:10,758 basehttp 1388 6332 "GET /admin/lection5app/product/ HTTP/1.1" 200 11202
INFO 2023-10-05 09:01:10,783 basehttp 1388 6332 "GET /admin/jsi18n/ HTTP/1.1" 200 16066
INFO 2023-10-05 09:01:24,600 basehttp 1388 6332 "GET /admin/lection5app/product/1/change/ HTTP/1.1" 200 12063
INFO 2023-10-05 09:01:24,622 basehttp 1388 6332 "GET /admin/jsi18n/ HTTP/1.1" 200 16066
INFO 2023-10-05 09:01:27,013 basehttp 1388 6332 "GET /admin/lection5app/product/1/delete/ HTTP/1.1" 200 9137
INFO 2023-10-05 09:01:27,042 basehttp 1388 6332 "GET /static/admin/js/cancel.js HTTP/1.1" 200 884
INFO 2023-10-05 09:01:40,765 basehttp 1388 6332 "POST /admin/lection5app/product/1/delete/ HTTP/1.1" 302 0
INFO 2023-10-05 09:01:40,782 basehttp 1388 6332 "GET /admin/lection5app/product/ HTTP/1.1" 200 10931
INFO 2023-10-05 09:01:40,805 basehttp 1388 6332 "GET /admin/jsi18n/ HTTP/1.1" 200 16066
INFO 2023-10-05 09:03:00,239 autoreload 1388 5576 C:\Users\Koha\Desktop\Учеба GB\FreeTheDjango\lessonsofdjango\lection5app\admin.py changed, reloading.
INFO 2023-10-05 09:03:00,851 autoreload 5624 6572 Watching for file changes with StatReloader
INFO 2023-10-05 09:05:38,719 autoreload 5624 6572 C:\Users\Koha\Desktop\Учеба GB\FreeTheDjango\lessonsofdjango\lection5app\models.py changed, reloading.
INFO 2023-10-05 09:05:39,359 autoreload 12904 13944 Watching for file changes with StatReloader
INFO 2023-10-05 09:07:07,268 autoreload 12904 13944 C:\Users\Koha\Desktop\Учеба GB\FreeTheDjango\lessonsofdjango\lection5app\models.py changed, reloading.
INFO 2023-10-05 09:07:07,892 autoreload 7240 6376 Watching for file changes with StatReloader
INFO 2023-10-05 09:10:19,849 autoreload 4448 2676 Watching for file changes with StatReloader
INFO 2023-10-05 09:10:26,213 basehttp 4448 5872 "GET /admin/lection5app/product/ HTTP/1.1" 200 10769
INFO 2023-10-05 09:10:26,239 basehttp 4448 5872 "GET /admin/jsi18n/ HTTP/1.1" 200 16066
INFO 2023-10-05 09:10:30,258 basehttp 4448 5872 "GET /admin/lection5app/product/4/change/ HTTP/1.1" 200 14619
INFO 2023-10-05 09:10:30,280 basehttp 4448 5872 "GET /admin/jsi18n/ HTTP/1.1" 200 16066
INFO 2023-10-05 09:10:57,237 basehttp 4448 5872 "POST /admin/lection5app/product/4/change/ HTTP/1.1" 302 0
INFO 2023-10-05 09:10:57,254 basehttp 4448 5872 "GET /admin/lection5app/product/ HTTP/1.1" 200 10992
INFO 2023-10-05 09:10:57,276 basehttp 4448 5872 "GET /admin/jsi18n/ HTTP/1.1" 200 16066
INFO 2023-10-05 09:11:55,672 autoreload 4448 2676 C:\Users\Koha\Desktop\Учеба GB\FreeTheDjango\lessonsofdjango\lection5app\admin.py changed, reloading.
INFO 2023-10-05 09:11:56,313 autoreload 9100 8404 Watching for file changes with StatReloader
INFO 2023-10-05 09:12:00,418 basehttp 9100 8032 "GET /admin/lection5app/product/ HTTP/1.1" 200 10769
INFO 2023-10-05 09:12:00,439 basehttp 9100 8032 "GET /admin/jsi18n/ HTTP/1.1" 200 16066
INFO 2023-10-05 09:12:05,077 basehttp 9100 8032 "GET /admin/lection5app/product/ HTTP/1.1" 200 10769
INFO 2023-10-05 09:12:05,107 basehttp 9100 8032 "GET /admin/jsi18n/ HTTP/1.1" 200 16066
INFO 2023-10-05 09:12:54,914 autoreload 9100 8404 C:\Users\Koha\Desktop\Учеба GB\FreeTheDjango\lessonsofdjango\lection5app\admin.py changed, reloading.
INFO 2023-10-05 09:12:55,529 autoreload 1664 7352 Watching for file changes with StatReloader
INFO 2023-10-05 09:12:59,382 basehttp 1664 9044 "GET /admin/lection5app/product/ HTTP/1.1" 200 12419
INFO 2023-10-05 09:12:59,404 basehttp 1664 9044 "GET /admin/jsi18n/ HTTP/1.1" 200 16066
INFO 2023-10-05 09:13:03,211 basehttp 1664 9044 "GET /admin/lection5app/product/?o=1 HTTP/1.1" 200 12835
INFO 2023-10-05 09:13:03,234 basehttp 1664 9044 "GET /admin/jsi18n/ HTTP/1.1" 200 16066
INFO 2023-10-05 09:13:04,646 basehttp 1664 9044 "GET /admin/lection5app/product/?o=2.1 HTTP/1.1" 200 13333
INFO 2023-10-05 09:13:04,667 basehttp 1664 9044 "GET /admin/jsi18n/ HTTP/1.1" 200 16066
INFO 2023-10-05 09:13:07,167 basehttp 1664 9044 "GET /admin/lection5app/product/?o=7.2.1 HTTP/1.1" 200 13754
INFO 2023-10-05 09:13:07,186 basehttp 1664 9044 "GET /admin/jsi18n/ HTTP/1.1" 200 16066
INFO 2023-10-05 09:13:08,338 basehttp 1664 9044 "GET /admin/lection5app/product/?o=-7.2.1 HTTP/1.1" 200 13768
INFO 2023-10-05 09:13:08,357 basehttp 1664 9044 "GET /admin/jsi18n/ HTTP/1.1" 200 16066
INFO 2023-10-05 09:13:22,063 basehttp 1664 9044 "GET /admin/lection5app/product/?o=2.1 HTTP/1.1" 200 13333
INFO 2023-10-05 09:13:22,086 basehttp 1664 9044 "GET /admin/jsi18n/ HTTP/1.1" 200 16066
INFO 2023-10-05 09:13:24,076 basehttp 1664 9044 "GET /admin/lection5app/product/?o=1 HTTP/1.1" 200 12835
INFO 2023-10-05 09:13:24,100 basehttp 1664 9044 "GET /admin/jsi18n/ HTTP/1.1" 200 16066
INFO 2023-10-05 09:13:25,380 basehttp 1664 9044 "GET /admin/lection5app/product/?o= HTTP/1.1" 200 12519
INFO 2023-10-05 09:13:25,400 basehttp 1664 9044 "GET /admin/jsi18n/ HTTP/1.1" 200 16066
INFO 2023-10-05 09:14:15,111 autoreload 1664 7352 C:\Users\Koha\Desktop\Учеба GB\FreeTheDjango\lessonsofdjango\lection5app\admin.py changed, reloading.
INFO 2023-10-05 09:14:15,769 autoreload 8524 6196 Watching for file changes with StatReloader
INFO 2023-10-05 09:14:19,336 basehttp 8524 6324 "GET /admin/lection5app/product/?o= HTTP/1.1" 200 12519
INFO 2023-10-05 09:14:19,373 basehttp 8524 6324 "GET /admin/jsi18n/ HTTP/1.1" 200 16066
INFO 2023-10-05 09:14:56,778 basehttp 8524 6324 "GET /admin/lection5app/product/?o= HTTP/1.1" 200 12519
INFO 2023-10-05 09:14:56,798 basehttp 8524 6324 "GET /admin/jsi18n/ HTTP/1.1" 200 16066
INFO 2023-10-05 09:14:58,182 basehttp 8524 6324 "GET /admin/lection5app/category/ HTTP/1.1" 200 10783
INFO 2023-10-05 09:14:58,202 basehttp 8524 6324 "GET /admin/jsi18n/ HTTP/1.1" 200 16066
INFO 2023-10-05 09:14:58,840 basehttp 8524 6324 "GET /admin/lection5app/product/ HTTP/1.1" 200 13229
INFO 2023-10-05 09:14:58,861 basehttp 8524 6324 "GET /admin/jsi18n/ HTTP/1.1" 200 16066
INFO 2023-10-05 09:16:11,567 autoreload 8524 6196 C:\Users\Koha\Desktop\Учеба GB\FreeTheDjango\lessonsofdjango\lection5app\admin.py changed, reloading.
INFO 2023-10-05 09:16:12,164 autoreload 5976 9440 Watching for file changes with StatReloader
INFO 2023-10-05 09:16:14,889 basehttp 5976 9568 "GET /admin/lection5app/product/ HTTP/1.1" 200 14576
INFO 2023-10-05 09:16:14,910 basehttp 5976 9568 "GET /admin/jsi18n/ HTTP/1.1" 200 16066
INFO 2023-10-05 09:17:27,471 autoreload 5976 9440 C:\Users\Koha\Desktop\Учеба GB\FreeTheDjango\lessonsofdjango\lection5app\admin.py changed, reloading.
INFO 2023-10-05 09:17:28,072 autoreload 9108 14840 Watching for file changes with StatReloader
INFO 2023-10-05 09:17:34,467 basehttp 9108 7712 "GET /admin/lection5app/product/ HTTP/1.1" 200 15016
INFO 2023-10-05 09:17:34,489 basehttp 9108 7712 "GET /admin/jsi18n/ HTTP/1.1" 200 16066
INFO 2023-10-05 09:17:42,843 basehttp 9108 7712 "GET /admin/lection5app/product/?q=%D0%9C%D0%BE%D0%BB%D0%BE%D0%BA%D0%BE HTTP/1.1" 200 12070
INFO 2023-10-05 09:17:42,865 basehttp 9108 7712 "GET /admin/jsi18n/ HTTP/1.1" 200 16066
INFO 2023-10-05 09:17:48,258 basehttp 9108 7712 "GET /admin/lection5app/product/?q=%D0%9A%D0%BE%D0%B1%D0%BB%D0%B0%D1%81%D0%B0 HTTP/1.1" 200 12136
INFO 2023-10-05 09:17:48,281 basehttp 9108 7712 "GET /admin/jsi18n/ HTTP/1.1" 200 16066
INFO 2023-10-05 09:17:49,723 basehttp 9108 7712 "GET /admin/lection5app/product/?q=%D0%9A%D0%BE%D0%B1%D0%BB%D0%B0%D1%81%D0%B0 HTTP/1.1" 200 12136
INFO 2023-10-05 09:17:49,744 basehttp 9108 7712 "GET /admin/jsi18n/ HTTP/1.1" 200 16066
INFO 2023-10-05 09:17:50,783 basehttp 9108 7712 "GET /admin/lection5app/product/? HTTP/1.1" 200 15016
INFO 2023-10-05 09:17:50,803 basehttp 9108 7712 "GET /admin/jsi18n/ HTTP/1.1" 200 16066
INFO 2023-10-05 09:18:11,358 basehttp 9108 7712 "GET /admin/lection5app/product/?q=%D0%BA%D0%BE%D0%BB%D0%B1%D0%B0%D1%81%D0%B0 HTTP/1.1" 200 12136
INFO 2023-10-05 09:18:11,380 basehttp 9108 7712 "GET /admin/jsi18n/ HTTP/1.1" 200 16066
INFO 2023-10-05 09:18:17,960 basehttp 9108 7712 "GET /admin/lection5app/product/?q=%D0%9A%D0%BE%D0%BB%D0%B1%D0%B0%D1%81%D0%B0 HTTP/1.1" 200 15331
INFO 2023-10-05 09:18:17,983 basehttp 9108 7712 "GET /admin/jsi18n/ HTTP/1.1" 200 16066
INFO 2023-10-05 09:18:23,322 basehttp 9108 7712 "GET /admin/lection5app/product/? HTTP/1.1" 200 15016
INFO 2023-10-05 09:18:23,345 basehttp 9108 7712 "GET /admin/jsi18n/ HTTP/1.1" 200 16066
INFO 2023-10-05 09:21:01,826 autoreload 9108 14840 C:\Users\Koha\Desktop\Учеба GB\FreeTheDjango\lessonsofdjango\lection5app\admin.py changed, reloading.
INFO 2023-10-05 09:21:02,483 autoreload 13904 5632 Watching for file changes with StatReloader
INFO 2023-10-05 09:21:12,235 autoreload 13904 5632 C:\Users\Koha\Desktop\Учеба GB\FreeTheDjango\lessonsofdjango\lection5app\admin.py changed, reloading.
INFO 2023-10-05 09:21:12,826 autoreload 8256 11020 Watching for file changes with StatReloader
INFO 2023-10-05 09:21:53,962 basehttp 8256 3624 "GET /admin/lection5app/product/? HTTP/1.1" 200 15016
INFO 2023-10-05 09:21:53,984 basehttp 8256 3624 "GET /admin/jsi18n/ HTTP/1.1" 200 16066
INFO 2023-10-05 09:21:57,617 basehttp 8256 3624 "GET /admin/lection5app/category/ HTTP/1.1" 200 10783
INFO 2023-10-05 09:21:57,639 basehttp 8256 3624 "GET /admin/jsi18n/ HTTP/1.1" 200 16066
INFO 2023-10-05 09:21:58,241 basehttp 8256 3624 "GET /admin/lection5app/product/ HTTP/1.1" 200 15016
INFO 2023-10-05 09:21:58,261 basehttp 8256 3624 "GET /admin/jsi18n/ HTTP/1.1" 200 16066
INFO 2023-10-05 09:22:24,970 autoreload 8256 11020 C:\Users\Koha\Desktop\Учеба GB\FreeTheDjango\lessonsofdjango\lection5app\admin.py changed, reloading.
INFO 2023-10-05 09:22:25,699 autoreload 13824 13544 Watching for file changes with StatReloader
INFO 2023-10-05 09:22:32,312 basehttp 13824 7732 "GET /admin/lection5app/product/ HTTP/1.1" 200 15016
INFO 2023-10-05 09:22:32,334 basehttp 13824 7732 "GET /admin/jsi18n/ HTTP/1.1" 200 16066
INFO 2023-10-05 09:22:35,869 basehttp 13824 7732 "GET /admin/lection5app/category/ HTTP/1.1" 200 10783
INFO 2023-10-05 09:22:35,891 basehttp 13824 7732 "GET /admin/jsi18n/ HTTP/1.1" 200 16066
INFO 2023-10-05 09:22:36,417 basehttp 13824 7732 "GET /admin/lection5app/product/ HTTP/1.1" 200 15016
INFO 2023-10-05 09:22:36,437 basehttp 13824 7732 "GET /admin/jsi18n/ HTTP/1.1" 200 16066
INFO 2023-10-05 09:22:44,915 autoreload 13824 13544 C:\Users\Koha\Desktop\Учеба GB\FreeTheDjango\lessonsofdjango\lection5app\admin.py changed, reloading.
INFO 2023-10-05 09:22:45,527 autoreload 4180 5260 Watching for file changes with StatReloader
INFO 2023-10-05 09:23:10,359 autoreload 4180 5260 C:\Users\Koha\Desktop\Учеба GB\FreeTheDjango\lessonsofdjango\lection5app\admin.py changed, reloading.
INFO 2023-10-05 09:23:10,966 autoreload 6876 13156 Watching for file changes with StatReloader
INFO 2023-10-05 09:23:17,393 basehttp 6876 10416 "GET /admin/lection5app/product/ HTTP/1.1" 200 15079
INFO 2023-10-05 09:23:17,420 basehttp 6876 10416 "GET /admin/jsi18n/ HTTP/1.1" 200 16066
INFO 2023-10-05 09:23:22,411 basehttp 6876 10416 "GET /admin/lection5app/product/2/change/ HTTP/1.1" 200 14611
INFO 2023-10-05 09:23:22,435 basehttp 6876 10416 "GET /admin/jsi18n/ HTTP/1.1" 200 16066
INFO 2023-10-05 09:23:26,056 basehttp 6876 10416 "POST /admin/lection5app/product/2/change/ HTTP/1.1" 302 0
INFO 2023-10-05 09:23:26,075 basehttp 6876 10416 "GET /admin/lection5app/product/ HTTP/1.1" 200 15302
INFO 2023-10-05 09:23:26,099 basehttp 6876 10416 "GET /admin/jsi18n/ HTTP/1.1" 200 16066
INFO 2023-10-05 09:23:28,362 basehttp 6876 10416 "GET /admin/lection5app/product/4/change/ HTTP/1.1" 200 14619
INFO 2023-10-05 09:23:28,384 basehttp 6876 10416 "GET /admin/jsi18n/ HTTP/1.1" 200 16066
INFO 2023-10-05 09:23:33,296 basehttp 6876 10416 "POST /admin/lection5app/product/4/change/ HTTP/1.1" 302 0
INFO 2023-10-05 09:23:33,315 basehttp 6876 10416 "GET /admin/lection5app/product/ HTTP/1.1" 200 15305
INFO 2023-10-05 09:23:33,338 basehttp 6876 10416 "GET /admin/jsi18n/ HTTP/1.1" 200 16066
INFO 2023-10-05 09:23:34,760 basehttp 6876 10416 "GET /admin/lection5app/product/3/change/ HTTP/1.1" 200 14595
INFO 2023-10-05 09:23:34,783 basehttp 6876 10416 "GET /admin/jsi18n/ HTTP/1.1" 200 16066
INFO 2023-10-05 09:23:38,372 basehttp 6876 10416 "POST /admin/lection5app/product/3/change/ HTTP/1.1" 302 0
INFO 2023-10-05 09:23:38,393 basehttp 6876 10416 "GET /admin/lection5app/product/ HTTP/1.1" 200 15300
INFO 2023-10-05 09:23:38,414 basehttp 6876 10416 "GET /admin/jsi18n/ HTTP/1.1" 200 16066
INFO 2023-10-05 09:23:44,678 basehttp 6876 10416 "POST /admin/lection5app/product/ HTTP/1.1" 302 0
INFO 2023-10-05 09:23:44,697 basehttp 6876 10416 "GET /admin/lection5app/product/ HTTP/1.1" 200 15080
INFO 2023-10-05 09:23:44,723 basehttp 6876 10416 "GET /admin/jsi18n/ HTTP/1.1" 200 16066
INFO 2023-10-05 09:25:20,992 basehttp 6876 10416 "GET /admin/lection5app/product/4/change/ HTTP/1.1" 200 14620
INFO 2023-10-05 09:25:21,015 basehttp 6876 10416 "GET /admin/jsi18n/ HTTP/1.1" 200 16066
INFO 2023-10-05 09:25:38,330 basehttp 6876 10416 "GET /admin/lection5app/product/ HTTP/1.1" 200 15080
INFO 2023-10-05 09:25:42,784 basehttp 6876 10416 "GET /admin/lection5app/product/4/change/ HTTP/1.1" 200 14620
INFO 2023-10-05 09:25:42,806 basehttp 6876 10416 "GET /admin/jsi18n/ HTTP/1.1" 200 16066
INFO 2023-10-05 09:26:47,574 autoreload 6876 13156 C:\Users\Koha\Desktop\Учеба GB\FreeTheDjango\lessonsofdjango\lection5app\admin.py changed, reloading.
INFO 2023-10-05 09:26:48,217 autoreload 7304 10204 Watching for file changes with StatReloader
INFO 2023-10-05 09:26:54,113 basehttp 7304 8116 "GET /admin/lection5app/product/ HTTP/1.1" 200 15080
INFO 2023-10-05 09:26:54,142 basehttp 7304 8116 "GET /admin/jsi18n/ HTTP/1.1" 200 16066
INFO 2023-10-05 09:26:55,400 basehttp 7304 8116 "GET /admin/lection5app/product/4/change/ HTTP/1.1" 200 15104
INFO 2023-10-05 09:26:55,423 basehttp 7304 8116 "GET /admin/jsi18n/ HTTP/1.1" 200 16066
INFO 2023-10-05 09:28:22,418 autoreload 7304 10204 C:\Users\Koha\Desktop\Учеба GB\FreeTheDjango\lessonsofdjango\lection5app\admin.py changed, reloading.
INFO 2023-10-05 09:28:23,032 autoreload 12792 6888 Watching for file changes with StatReloader
INFO 2023-10-05 09:32:23,741 autoreload 12792 6888 C:\Users\Koha\Desktop\Учеба GB\FreeTheDjango\lessonsofdjango\lection5app\admin.py changed, reloading.
INFO 2023-10-05 09:32:24,530 autoreload 11736 13056 Watching for file changes with StatReloader
INFO 2023-10-05 09:32:59,294 autoreload 11736 13056 C:\Users\Koha\Desktop\Учеба GB\FreeTheDjango\lessonsofdjango\lection5app\admin.py changed, reloading.
INFO 2023-10-05 09:32:59,908 autoreload 10840 8344 Watching for file changes with StatReloader
INFO 2023-10-05 09:34:39,700 autoreload 10840 8344 C:\Users\Koha\Desktop\Учеба GB\FreeTheDjango\lessonsofdjango\lection5app\admin.py changed, reloading.
INFO 2023-10-05 09:34:40,301 autoreload 816 3024 Watching for file changes with StatReloader
INFO 2023-10-05 09:34:58,630 basehttp 816 15064 "GET /admin/lection5app/product/ HTTP/1.1" 200 15080
INFO 2023-10-05 09:34:58,655 basehttp 816 15064 "GET /admin/jsi18n/ HTTP/1.1" 200 16066
INFO 2023-10-05 09:35:01,640 basehttp 816 15064 "GET /admin/lection5app/product/4/change/ HTTP/1.1" 200 15740
INFO 2023-10-05 09:35:01,664 basehttp 816 11320 "GET /admin/jsi18n/ HTTP/1.1" 200 16066
INFO 2023-10-05 09:35:01,731 basehttp 816 15064 "GET /static/admin/js/collapse.js HTTP/1.1" 200 1803
